<?xml version="1.0" encoding="UTF-8"?>
<!-- Generated by org.testng.reporters.JUnitXMLReporter -->
<testsuite hostname="ANMICK" ignored="0" name="Default test" tests="5" failures="0" timestamp="22 Apr 2023 09:32:08 GMT" time="8.338" errors="0">
  <testcase name="login" time="0.214" classname="org.test.MiniProject"/>
  <testcase name="addToCart" time="0.085" classname="org.test.MiniProject"/>
  <testcase name="checkOut" time="0.091" classname="org.test.MiniProject"/>
  <testcase name="bookingSection" time="0.246" classname="org.test.MiniProject"/>
  <testcase name="finishTheOrder" time="0.258" classname="org.test.MiniProject"/>
</testsuite> <!-- Default test -->
