<?xml version="1.0" encoding="UTF-8"?>
<!-- Generated by org.testng.reporters.JUnitXMLReporter -->
<testsuite hostname="ANMICK" ignored="0" name="Default test" tests="7" failures="0" timestamp="28 Mar 2023 13:39:59 GMT" time="66.062" errors="0">
  <testcase name="test1" time="2.368" classname="org.test.BrowserLaunch"/>
  <testcase name="test2" time="0.118" classname="org.test.BrowserLaunch"/>
  <testcase name="test3" time="0.067" classname="org.test.BrowserLaunch"/>
  <testcase name="test4" time="0.054" classname="org.test.BrowserLaunch"/>
  <testcase name="test5" time="0.059" classname="org.test.BrowserLaunch"/>
  <testcase name="testCheckIn" time="0.193" classname="org.test.BrowserLaunch"/>
  <testcase name="room" time="11.099" classname="org.test.BrowserLaunch"/>
</testsuite> <!-- Default test -->
