<?xml version="1.0" encoding="UTF-8"?>
<testng-results skipped="0" failed="0" ignored="0" total="5" passed="5">
  <reporter-output>
  </reporter-output>
  <suite name="Default suite" duration-ms="8338" started-at="2023-04-22T09:31:59Z" finished-at="2023-04-22T09:32:08Z">
    <groups>
    </groups>
    <test name="Default test" duration-ms="8338" started-at="2023-04-22T09:31:59Z" finished-at="2023-04-22T09:32:08Z">
      <class name="org.test.MiniProject">
        <test-method status="PASS" signature="browserLaunch()[pri:0, instance:org.test.MiniProject@4bec1f0c]" name="browserLaunch" is-config="true" duration-ms="6666" started-at="2023-04-22T09:31:59Z" finished-at="2023-04-22T09:32:06Z">
          <reporter-output>
          </reporter-output>
        </test-method> <!-- browserLaunch -->
        <test-method status="PASS" signature="login()[pri:1, instance:org.test.MiniProject@4bec1f0c]" name="login" duration-ms="214" started-at="2023-04-22T09:32:06Z" finished-at="2023-04-22T09:32:06Z">
          <reporter-output>
          </reporter-output>
        </test-method> <!-- login -->
        <test-method status="PASS" signature="before()[pri:0, instance:org.test.MiniProject@4bec1f0c]" name="before" is-config="true" duration-ms="0" started-at="2023-04-22T09:32:06Z" finished-at="2023-04-22T09:32:06Z">
          <reporter-output>
          </reporter-output>
        </test-method> <!-- before -->
        <test-method status="PASS" signature="after()[pri:0, instance:org.test.MiniProject@4bec1f0c]" name="after" is-config="true" duration-ms="1" started-at="2023-04-22T09:32:06Z" finished-at="2023-04-22T09:32:06Z">
          <reporter-output>
          </reporter-output>
        </test-method> <!-- after -->
        <test-method status="PASS" signature="before()[pri:0, instance:org.test.MiniProject@4bec1f0c]" name="before" is-config="true" duration-ms="1" started-at="2023-04-22T09:32:06Z" finished-at="2023-04-22T09:32:06Z">
          <reporter-output>
          </reporter-output>
        </test-method> <!-- before -->
        <test-method status="PASS" signature="addToCart()[pri:2, instance:org.test.MiniProject@4bec1f0c]" name="addToCart" duration-ms="85" started-at="2023-04-22T09:32:06Z" finished-at="2023-04-22T09:32:06Z">
          <reporter-output>
          </reporter-output>
        </test-method> <!-- addToCart -->
        <test-method status="PASS" signature="before()[pri:0, instance:org.test.MiniProject@4bec1f0c]" name="before" is-config="true" duration-ms="8" started-at="2023-04-22T09:32:06Z" finished-at="2023-04-22T09:32:06Z">
          <reporter-output>
          </reporter-output>
        </test-method> <!-- before -->
        <test-method status="PASS" signature="after()[pri:0, instance:org.test.MiniProject@4bec1f0c]" name="after" is-config="true" duration-ms="0" started-at="2023-04-22T09:32:06Z" finished-at="2023-04-22T09:32:06Z">
          <reporter-output>
          </reporter-output>
        </test-method> <!-- after -->
        <test-method status="PASS" signature="checkOut()[pri:3, instance:org.test.MiniProject@4bec1f0c]" name="checkOut" duration-ms="91" started-at="2023-04-22T09:32:06Z" finished-at="2023-04-22T09:32:07Z">
          <reporter-output>
          </reporter-output>
        </test-method> <!-- checkOut -->
        <test-method status="PASS" signature="before()[pri:0, instance:org.test.MiniProject@4bec1f0c]" name="before" is-config="true" duration-ms="0" started-at="2023-04-22T09:32:07Z" finished-at="2023-04-22T09:32:07Z">
          <reporter-output>
          </reporter-output>
        </test-method> <!-- before -->
        <test-method status="PASS" signature="bookingSection()[pri:4, instance:org.test.MiniProject@4bec1f0c]" name="bookingSection" duration-ms="246" started-at="2023-04-22T09:32:07Z" finished-at="2023-04-22T09:32:07Z">
          <reporter-output>
          </reporter-output>
        </test-method> <!-- bookingSection -->
        <test-method status="PASS" signature="after()[pri:0, instance:org.test.MiniProject@4bec1f0c]" name="after" is-config="true" duration-ms="0" started-at="2023-04-22T09:32:07Z" finished-at="2023-04-22T09:32:07Z">
          <reporter-output>
          </reporter-output>
        </test-method> <!-- after -->
        <test-method status="PASS" signature="after()[pri:0, instance:org.test.MiniProject@4bec1f0c]" name="after" is-config="true" duration-ms="0" started-at="2023-04-22T09:32:07Z" finished-at="2023-04-22T09:32:07Z">
          <reporter-output>
          </reporter-output>
        </test-method> <!-- after -->
        <test-method status="PASS" signature="finishTheOrder()[pri:5, instance:org.test.MiniProject@4bec1f0c]" name="finishTheOrder" duration-ms="258" started-at="2023-04-22T09:32:07Z" finished-at="2023-04-22T09:32:07Z">
          <reporter-output>
          </reporter-output>
        </test-method> <!-- finishTheOrder -->
        <test-method status="PASS" signature="before()[pri:0, instance:org.test.MiniProject@4bec1f0c]" name="before" is-config="true" duration-ms="0" started-at="2023-04-22T09:32:07Z" finished-at="2023-04-22T09:32:07Z">
          <reporter-output>
          </reporter-output>
        </test-method> <!-- before -->
        <test-method status="PASS" signature="after()[pri:0, instance:org.test.MiniProject@4bec1f0c]" name="after" is-config="true" duration-ms="0" started-at="2023-04-22T09:32:07Z" finished-at="2023-04-22T09:32:07Z">
          <reporter-output>
          </reporter-output>
        </test-method> <!-- after -->
        <test-method status="PASS" signature="closeBrowser()[pri:0, instance:org.test.MiniProject@4bec1f0c]" name="closeBrowser" is-config="true" duration-ms="722" started-at="2023-04-22T09:32:07Z" finished-at="2023-04-22T09:32:08Z">
          <reporter-output>
          </reporter-output>
        </test-method> <!-- closeBrowser -->
      </class> <!-- org.test.MiniProject -->
    </test> <!-- Default test -->
  </suite> <!-- Default suite -->
</testng-results>
