<?xml version="1.0" encoding="UTF-8"?>
<testng-results skipped="0" failed="0" ignored="0" total="7" passed="7">
  <reporter-output>
  </reporter-output>
  <suite name="Default suite" duration-ms="66062" started-at="2023-03-28T13:38:53Z" finished-at="2023-03-28T13:39:59Z">
    <groups>
    </groups>
    <test name="Default test" duration-ms="66062" started-at="2023-03-28T13:38:53Z" finished-at="2023-03-28T13:39:59Z">
      <class name="org.test.BrowserLaunch">
        <test-method status="PASS" signature="beforeClass()[pri:0, instance:org.test.BrowserLaunch@4bec1f0c]" name="beforeClass" is-config="true" duration-ms="51269" started-at="2023-03-28T13:38:53Z" finished-at="2023-03-28T13:39:44Z">
          <reporter-output>
          </reporter-output>
        </test-method> <!-- beforeClass -->
        <test-method status="PASS" signature="before()[pri:0, instance:org.test.BrowserLaunch@4bec1f0c]" name="before" is-config="true" duration-ms="8" started-at="2023-03-28T13:39:44Z" finished-at="2023-03-28T13:39:44Z">
          <reporter-output>
          </reporter-output>
        </test-method> <!-- before -->
        <test-method status="PASS" signature="test1()[pri:0, instance:org.test.BrowserLaunch@4bec1f0c]" name="test1" duration-ms="2368" started-at="2023-03-28T13:39:44Z" finished-at="2023-03-28T13:39:46Z">
          <reporter-output>
          </reporter-output>
        </test-method> <!-- test1 -->
        <test-method status="PASS" signature="before()[pri:0, instance:org.test.BrowserLaunch@4bec1f0c]" name="before" is-config="true" duration-ms="0" started-at="2023-03-28T13:39:46Z" finished-at="2023-03-28T13:39:46Z">
          <reporter-output>
          </reporter-output>
        </test-method> <!-- before -->
        <test-method status="PASS" signature="after()[pri:0, instance:org.test.BrowserLaunch@4bec1f0c]" name="after" is-config="true" duration-ms="0" started-at="2023-03-28T13:39:46Z" finished-at="2023-03-28T13:39:46Z">
          <reporter-output>
          </reporter-output>
        </test-method> <!-- after -->
        <test-method status="PASS" signature="test2()[pri:0, instance:org.test.BrowserLaunch@4bec1f0c]" name="test2" duration-ms="118" started-at="2023-03-28T13:39:46Z" finished-at="2023-03-28T13:39:46Z">
          <reporter-output>
          </reporter-output>
        </test-method> <!-- test2 -->
        <test-method status="PASS" signature="after()[pri:0, instance:org.test.BrowserLaunch@4bec1f0c]" name="after" is-config="true" duration-ms="0" started-at="2023-03-28T13:39:46Z" finished-at="2023-03-28T13:39:46Z">
          <reporter-output>
          </reporter-output>
        </test-method> <!-- after -->
        <test-method status="PASS" signature="before()[pri:0, instance:org.test.BrowserLaunch@4bec1f0c]" name="before" is-config="true" duration-ms="0" started-at="2023-03-28T13:39:46Z" finished-at="2023-03-28T13:39:46Z">
          <reporter-output>
          </reporter-output>
        </test-method> <!-- before -->
        <test-method status="PASS" signature="test3()[pri:0, instance:org.test.BrowserLaunch@4bec1f0c]" name="test3" duration-ms="67" started-at="2023-03-28T13:39:46Z" finished-at="2023-03-28T13:39:47Z">
          <reporter-output>
          </reporter-output>
        </test-method> <!-- test3 -->
        <test-method status="PASS" signature="before()[pri:0, instance:org.test.BrowserLaunch@4bec1f0c]" name="before" is-config="true" duration-ms="0" started-at="2023-03-28T13:39:47Z" finished-at="2023-03-28T13:39:47Z">
          <reporter-output>
          </reporter-output>
        </test-method> <!-- before -->
        <test-method status="PASS" signature="after()[pri:0, instance:org.test.BrowserLaunch@4bec1f0c]" name="after" is-config="true" duration-ms="0" started-at="2023-03-28T13:39:47Z" finished-at="2023-03-28T13:39:47Z">
          <reporter-output>
          </reporter-output>
        </test-method> <!-- after -->
        <test-method status="PASS" signature="test4()[pri:0, instance:org.test.BrowserLaunch@4bec1f0c]" name="test4" duration-ms="54" started-at="2023-03-28T13:39:47Z" finished-at="2023-03-28T13:39:47Z">
          <reporter-output>
          </reporter-output>
        </test-method> <!-- test4 -->
        <test-method status="PASS" signature="after()[pri:0, instance:org.test.BrowserLaunch@4bec1f0c]" name="after" is-config="true" duration-ms="4" started-at="2023-03-28T13:39:47Z" finished-at="2023-03-28T13:39:47Z">
          <reporter-output>
          </reporter-output>
        </test-method> <!-- after -->
        <test-method status="PASS" signature="before()[pri:0, instance:org.test.BrowserLaunch@4bec1f0c]" name="before" is-config="true" duration-ms="2" started-at="2023-03-28T13:39:47Z" finished-at="2023-03-28T13:39:47Z">
          <reporter-output>
          </reporter-output>
        </test-method> <!-- before -->
        <test-method status="PASS" signature="test5()[pri:0, instance:org.test.BrowserLaunch@4bec1f0c]" name="test5" duration-ms="59" started-at="2023-03-28T13:39:47Z" finished-at="2023-03-28T13:39:47Z">
          <reporter-output>
          </reporter-output>
        </test-method> <!-- test5 -->
        <test-method status="PASS" signature="after()[pri:0, instance:org.test.BrowserLaunch@4bec1f0c]" name="after" is-config="true" duration-ms="0" started-at="2023-03-28T13:39:47Z" finished-at="2023-03-28T13:39:47Z">
          <reporter-output>
          </reporter-output>
        </test-method> <!-- after -->
        <test-method status="PASS" signature="before()[pri:0, instance:org.test.BrowserLaunch@4bec1f0c]" name="before" is-config="true" duration-ms="1" started-at="2023-03-28T13:39:47Z" finished-at="2023-03-28T13:39:47Z">
          <reporter-output>
          </reporter-output>
        </test-method> <!-- before -->
        <test-method status="PASS" signature="testCheckIn()[pri:0, instance:org.test.BrowserLaunch@4bec1f0c]" name="testCheckIn" duration-ms="193" started-at="2023-03-28T13:39:47Z" finished-at="2023-03-28T13:39:47Z">
          <reporter-output>
          </reporter-output>
        </test-method> <!-- testCheckIn -->
        <test-method status="PASS" signature="after()[pri:0, instance:org.test.BrowserLaunch@4bec1f0c]" name="after" is-config="true" duration-ms="0" started-at="2023-03-28T13:39:47Z" finished-at="2023-03-28T13:39:47Z">
          <reporter-output>
          </reporter-output>
        </test-method> <!-- after -->
        <test-method status="PASS" signature="before()[pri:0, instance:org.test.BrowserLaunch@4bec1f0c]" name="before" is-config="true" duration-ms="1" started-at="2023-03-28T13:39:47Z" finished-at="2023-03-28T13:39:47Z">
          <reporter-output>
          </reporter-output>
        </test-method> <!-- before -->
        <test-method status="PASS" signature="room()[pri:1, instance:org.test.BrowserLaunch@4bec1f0c]" name="room" duration-ms="11099" started-at="2023-03-28T13:39:47Z" finished-at="2023-03-28T13:39:58Z">
          <reporter-output>
          </reporter-output>
        </test-method> <!-- room -->
        <test-method status="PASS" signature="after()[pri:0, instance:org.test.BrowserLaunch@4bec1f0c]" name="after" is-config="true" duration-ms="0" started-at="2023-03-28T13:39:58Z" finished-at="2023-03-28T13:39:58Z">
          <reporter-output>
          </reporter-output>
        </test-method> <!-- after -->
        <test-method status="PASS" signature="afterClass()[pri:0, instance:org.test.BrowserLaunch@4bec1f0c]" name="afterClass" is-config="true" duration-ms="747" started-at="2023-03-28T13:39:58Z" finished-at="2023-03-28T13:39:59Z">
          <reporter-output>
          </reporter-output>
        </test-method> <!-- afterClass -->
      </class> <!-- org.test.BrowserLaunch -->
    </test> <!-- Default test -->
  </suite> <!-- Default suite -->
</testng-results>
